# JRE version: OpenJDK Runtime Environment Temurin-17.0.7+7 (17.0.7+7) (build 17.0.7+7)
# Java VM: OpenJDK 64-Bit Server VM Temurin-17.0.7+7 (17.0.7+7, mixed mode, sharing, tiered, compressed oops, compressed class ptrs, g1 gc, windows-amd64)
GC Precious Log:
 CPUs: 8 total, 8 available
 Memory: 16218M
 Large Page Support: Disabled
 NUMA Support: Disabled
 Compressed Oops: Enabled (Zero based)
 Heap Region Size: 2M
 Heap Min Capacity: 512M
 Heap Initial Capacity: 512M
 Heap Max Capacity: 4072M
 Pre-touch: Disabled
 Parallel Workers: 8
 Concurrent Workers: 2
 Concurrent Refinement Workers: 8
 Periodic GC: Disabled
 String Deduplication is enabled
Heap:
 garbage-first heap   total 524288K, used 147762K [0x0000000701800000, 0x0000000800000000)
  region size 2048K, 22 young (45056K), 2 survivors (4096K)
 Metaspace       used 85835K, committed 86528K, reserved 1179648K
  class space    used 11626K, committed 11968K, reserved 1048576K
GC Heap History (20 events):
Event: 3821.840 GC heap before
{Heap before GC invocations=154 (full 4):
 garbage-first heap   total 524288K, used 187505K [0x0000000701800000, 0x0000000800000000)
  region size 2048K, 40 young (81920K), 1 survivors (2048K)
 Metaspace       used 85659K, committed 86336K, reserved 1179648K
  class space    used 11617K, committed 11968K, reserved 1048576K
}
Event: 3821.845 GC heap after
{Heap after GC invocations=155 (full 4):
 garbage-first heap   total 524288K, used 108095K [0x0000000701800000, 0x0000000800000000)
  region size 2048K, 2 young (4096K), 2 survivors (4096K)
 Metaspace       used 85659K, committed 86336K, reserved 1179648K
  class space    used 11617K, committed 11968K, reserved 1048576K
}
Event: 3833.666 GC heap before
{Heap before GC invocations=155 (full 4):
 garbage-first heap   total 524288K, used 185919K [0x0000000701800000, 0x0000000800000000)
  region size 2048K, 40 young (81920K), 2 survivors (4096K)
 Metaspace       used 85663K, committed 86336K, reserved 1179648K
  class space    used 11617K, committed 11968K, reserved 1048576K
}
Event: 3833.671 GC heap after
{Heap after GC invocations=156 (full 4):
 garbage-first heap   total 524288K, used 107894K [0x0000000701800000, 0x0000000800000000)
  region size 2048K, 2 young (4096K), 2 survivors (4096K)
 Metaspace       used 85663K, committed 86336K, reserved 1179648K
  class space    used 11617K, committed 11968K, reserved 1048576K
}
Event: 3847.584 GC heap before
{Heap before GC invocations=156 (full 4):
 garbage-first heap   total 524288K, used 183670K [0x0000000701800000, 0x0000000800000000)
  region size 2048K, 40 young (81920K), 2 survivors (4096K)
 Metaspace       used 85664K, committed 86336K, reserved 1179648K
  class space    used 11617K, committed 11968K, reserved 1048576K
}
Event: 3847.588 GC heap after
{Heap after GC invocations=157 (full 4):
 garbage-first heap   total 524288K, used 108017K [0x0000000701800000, 0x0000000800000000)
  region size 2048K, 2 young (4096K), 2 survivors (4096K)
 Metaspace       used 85664K, committed 86336K, reserved 1179648K
  class space    used 11617K, committed 11968K, reserved 1048576K
}
Event: 3868.596 GC heap before
{Heap before GC invocations=157 (full 4):
 garbage-first heap   total 524288K, used 185841K [0x0000000701800000, 0x0000000800000000)
  region size 2048K, 41 young (83968K), 2 survivors (4096K)
 Metaspace       used 85667K, committed 86400K, reserved 1179648K
  class space    used 11617K, committed 11968K, reserved 1048576K
}
Event: 3868.602 GC heap after
{Heap after GC invocations=158 (full 4):
 garbage-first heap   total 524288K, used 107889K [0x0000000701800000, 0x0000000800000000)
  region size 2048K, 2 young (4096K), 2 survivors (4096K)
 Metaspace       used 85667K, committed 86400K, reserved 1179648K
  class space    used 11617K, committed 11968K, reserved 1048576K
}
Event: 3880.808 GC heap before
{Heap before GC invocations=158 (full 4):
 garbage-first heap   total 524288K, used 185713K [0x0000000701800000, 0x0000000800000000)
  region size 2048K, 40 young (81920K), 2 survivors (4096K)
 Metaspace       used 85673K, committed 86400K, reserved 1179648K
  class space    used 11617K, committed 11968K, reserved 1048576K
}
Event: 3880.824 GC heap after
{Heap after GC invocations=159 (full 4):
 garbage-first heap   total 524288K, used 107936K [0x0000000701800000, 0x0000000800000000)
  region size 2048K, 2 young (4096K), 2 survivors (4096K)
 Metaspace       used 85673K, committed 86400K, reserved 1179648K
  class space    used 11617K, committed 11968K, reserved 1048576K
}
Event: 3962.090 GC heap before
{Heap before GC invocations=159 (full 4):
 garbage-first heap   total 524288K, used 185760K [0x0000000701800000, 0x0000000800000000)
  region size 2048K, 40 young (81920K), 2 survivors (4096K)
 Metaspace       used 85679K, committed 86400K, reserved 1179648K
  class space    used 11617K, committed 11968K, reserved 1048576K
}
Event: 3962.103 GC heap after
{Heap after GC invocations=160 (full 4):
 garbage-first heap   total 524288K, used 108097K [0x0000000701800000, 0x0000000800000000)
  region size 2048K, 2 young (4096K), 2 survivors (4096K)
 Metaspace       used 85679K, committed 86400K, reserved 1179648K
  class space    used 11617K, committed 11968K, reserved 1048576K
}
Event: 4017.012 GC heap before
{Heap before GC invocations=160 (full 4):
 garbage-first heap   total 524288K, used 185921K [0x0000000701800000, 0x0000000800000000)
  region size 2048K, 40 young (81920K), 2 survivors (4096K)
 Metaspace       used 85693K, committed 86400K, reserved 1179648K
  class space    used 11618K, committed 11968K, reserved 1048576K
}
Event: 4017.019 GC heap after
{Heap after GC invocations=161 (full 4):
 garbage-first heap   total 524288K, used 108191K [0x0000000701800000, 0x0000000800000000)
  region size 2048K, 2 young (4096K), 2 survivors (4096K)
 Metaspace       used 85693K, committed 86400K, reserved 1179648K
  class space    used 11618K, committed 11968K, reserved 1048576K
}
Event: 4078.310 GC heap before
{Heap before GC invocations=161 (full 4):
 garbage-first heap   total 524288K, used 186015K [0x0000000701800000, 0x0000000800000000)
  region size 2048K, 40 young (81920K), 2 survivors (4096K)
 Metaspace       used 85713K, committed 86400K, reserved 1179648K
  class space    used 11618K, committed 11968K, reserved 1048576K
}
Event: 4078.315 GC heap after
{Heap after GC invocations=162 (full 4):
 garbage-first heap   total 524288K, used 108732K [0x0000000701800000, 0x0000000800000000)
  region size 2048K, 2 young (4096K), 2 survivors (4096K)
 Metaspace       used 85713K, committed 86400K, reserved 1179648K
  class space    used 11618K, committed 11968K, reserved 1048576K
}
Event: 4095.296 GC heap before
{Heap before GC invocations=162 (full 4):
 garbage-first heap   total 524288K, used 184508K [0x0000000701800000, 0x0000000800000000)
  region size 2048K, 40 young (81920K), 2 survivors (4096K)
 Metaspace       used 85817K, committed 86528K, reserved 1179648K
  class space    used 11626K, committed 11968K, reserved 1048576K
}
Event: 4095.300 GC heap after
{Heap after GC invocations=163 (full 4):
 garbage-first heap   total 524288K, used 109157K [0x0000000701800000, 0x0000000800000000)
  region size 2048K, 2 young (4096K), 2 survivors (4096K)
 Metaspace       used 85817K, committed 86528K, reserved 1179648K
  class space    used 11626K, committed 11968K, reserved 1048576K
}
Event: 4095.413 GC heap before
{Heap before GC invocations=163 (full 4):
 garbage-first heap   total 524288K, used 186981K [0x0000000701800000, 0x0000000800000000)
  region size 2048K, 40 young (81920K), 2 survivors (4096K)
 Metaspace       used 85817K, committed 86528K, reserved 1179648K
  class space    used 11626K, committed 11968K, reserved 1048576K
}
Event: 4095.417 GC heap after
{Heap after GC invocations=164 (full 4):
 garbage-first heap   total 524288K, used 108850K [0x0000000701800000, 0x0000000800000000)
  region size 2048K, 2 young (4096K), 2 survivors (4096K)
 Metaspace       used 85817K, committed 86528K, reserved 1179648K
  class space    used 11626K, committed 11968K, reserved 1048576K
}

